Name                                          Stmts   Miss  Cover   Missing
---------------------------------------------------------------------------
deckard/__init__.py                             101      0   100%
deckard/__main__.py                             106      9    92%   59, 81-84, 106-111, 156, 169, 178, 256
deckard/artifacts.py                            227     71    69%   50, 61, 88, 96-97, 118, 126-130, 169, 171, 188, 195, 222, 234, 238-244, 254, 260-269, 283, 287, 302-304, 308-309, 312-322, 331-351, 354-356, 359, 363, 366-369
deckard/attack/__init__.py                       12      4    67%   16-20
deckard/attack/base.py                          761    128    83%   114-117, 222-226, 229-236, 247-251, 263-266, 280-282, 441-447, 544, 555-557, 566-569, 599-601, 606, 608-609, 649-654, 678-681, 726, 809, 868-879, 946, 957-958, 972, 979, 1204-1236, 1325, 1350, 1370, 1390, 1395-1403, 1414-1415, 1421-1424, 1430, 1441, 1456-1457, 1467, 1490, 1509, 1541, 1550-1562, 1571, 1593-1600, 1602, 1609
deckard/attack/evasion.py                        66      3    95%   42, 83, 96
deckard/attack/extraction.py                     67      6    91%   48, 93-98
deckard/attack/inference.py                     282     24    91%   34, 53, 78, 80, 86, 98-100, 104, 155-156, 188-191, 287-291, 299, 306, 401, 479, 488
deckard/attack/poisoning.py                     181     34    81%   31, 50-63, 99, 110, 117-126, 136, 156-157, 303, 324-326, 329, 331, 350-354
deckard/attack/reconstruction.py                 13      1    92%   28
deckard/data/__init__.py                         33      6    82%   40-41, 47-48, 54-55
deckard/data/_mixins.py                         177     41    77%   51, 53, 55, 57, 62, 70, 74, 81, 85-89, 141, 145, 157, 163, 176, 186-187, 197-198, 202, 221, 234-237, 244-247, 253-254, 258-259, 264, 268, 270, 274, 293
deckard/data/base.py                            481     58    88%   311, 329, 363, 381-412, 443, 466, 476, 485, 500, 502, 509, 533, 537, 547, 552, 561, 566, 575, 577, 582-583, 603, 617-618, 646-647, 657, 661, 720-730, 758, 906-910, 918-919, 947, 961-968, 1008, 1114, 1122, 1143-1147
deckard/data/canon.py                           138     14    90%   191, 224, 286, 293, 295, 308, 316-319, 328-357
deckard/data/declarations.py                    271     36    87%   47-48, 54, 57-59, 78, 91, 95-97, 113, 117, 249-250, 313-315, 344-345, 355, 364, 447, 461-471, 506, 512-513, 542, 551-552, 559-560
deckard/data/fairness_pytorch.py                  2      2     0%   3-5
deckard/data/pipeline/__init__.py                13      0   100%
deckard/data/pipeline/base.py                   220     53    76%   58, 63, 75, 98, 105-112, 120-140, 152, 177, 187, 190, 201, 203, 205, 215, 219, 224-225, 240-244, 297, 310, 315-324
deckard/data/pipeline/core.py                     2      0   100%
deckard/data/sample.py                          207     18    91%   89-106, 110, 125-126, 153-154, 156, 270-274, 335-340
deckard/declarations.py                         113     13    88%   57, 65, 126-127, 151-152, 253-254, 259-260, 282-284
deckard/detector/__init__.py                      2      0   100%
deckard/detector/base.py                        169     13    92%   42-43, 104, 108, 123, 136-138, 146, 237-238, 267, 287
deckard/detector/default.py                       2      0   100%
deckard/experiment/__init__.py                   24      1    96%   47
deckard/experiment/base.py                      792    140    82%   194-206, 208-220, 227, 241, 305, 348, 368, 371, 383, 409, 439, 448, 462, 517, 526, 532, 556, 560-561, 570-571, 624, 637-641, 652, 654-655, 657, 659-660, 666, 681, 685, 697, 702, 708-710, 736, 757-772, 817-818, 822-834, 848, 853, 855, 865, 867, 869, 874, 908, 922, 933-934, 952, 964, 966, 970, 974-976, 980-988, 996, 1013-1040, 1061, 1115-1157, 1214, 1234, 1260, 1263, 1291-1295
deckard/file.py                                 102      6    94%   105, 118, 173, 191-193
deckard/frameworks/__init__.py                    2      0   100%
deckard/frameworks/pytorch/__init__.py           25      7    72%   67-69, 82-114
deckard/frameworks/pytorch/attack.py             43     14    67%   42-48, 52-58
deckard/frameworks/pytorch/data.py              497     92    81%   61-69, 74-77, 88-111, 121-145, 159-187, 198, 219, 222, 226-246, 337, 370, 417-418, 476, 560, 578-579, 651, 696, 705, 714, 716, 718, 729, 737, 743-744, 746, 763, 769, 826, 876, 888, 892, 901, 906, 908, 923, 925, 964-966
deckard/frameworks/pytorch/declarations.py       50     50     0%   1-128
deckard/frameworks/pytorch/defense.py             2      0   100%
deckard/frameworks/pytorch/experiment.py        105      7    93%   66, 101, 103, 172, 210, 225, 228
deckard/frameworks/pytorch/fairness_data.py     171     94    45%   46-53, 56, 59-61, 72-90, 93, 97, 119, 129, 133-139, 151, 153-158, 160-165, 186-187, 202-205, 208, 217, 241-252, 256-327, 343-356, 360-371
deckard/frameworks/pytorch/model.py             618     62    90%   22-25, 61-64, 71, 154-156, 166-167, 181-182, 187-188, 205, 219, 235-236, 247, 258, 260, 286, 292, 305, 350, 383, 430, 466-467, 512, 568-569, 575, 599, 601, 690, 699, 725, 807, 812, 849, 852, 861, 879-881, 914, 932, 950, 1031, 1086, 1107, 1175, 1186, 1197, 1204, 1223-1236
deckard/frameworks/pytorch/pipeline.py           38     38     0%   1-107
deckard/frameworks/pytorch/sample.py            248    133    46%   78-92, 96, 101, 106-134, 143-144, 160, 184-186, 192-199, 228-255, 266-282, 314-365, 391-399, 414, 439-495, 499-502, 517-564, 582-625, 637-645
deckard/frameworks/pytorch/score.py             144     86    40%   38, 50, 53, 55, 61, 66, 76-121, 195, 217, 232-245, 263, 265, 267, 283-314
deckard/frameworks/pytorch/torch_utils.py        71      0   100%
deckard/frameworks/sklearn/__init__.py            2      0   100%
deckard/frameworks/sklearn/defense.py             2      0   100%
deckard/frameworks/types.py                      12      0   100%
deckard/layers/__init__.py                       18      0   100%
deckard/layers/compile_results.py                84      2    98%   53, 132
deckard/layers/optimize.py                      528     40    92%   94, 155, 162-163, 271-272, 274, 276, 279, 285, 297, 333, 338, 401, 432, 451, 535, 564, 711-712, 739, 751, 762, 777-779, 795-799, 819, 859, 865, 923, 952-956, 979
deckard/layers/pareto.py                        157      7    96%   118, 124-126, 136, 152, 286
deckard/layers/plot.py                          218      2    99%   273, 369
deckard/layers/progress_bar.py                  314     15    95%   90, 129, 136, 154, 170, 293, 304, 321, 332, 360-361, 369, 377, 392, 550
deckard/layers/rerun_failed_studies.py           95      1    99%   71
deckard/layers/survival.py                      110     42    62%   48, 70, 75, 79-81, 94-103, 108, 139-160, 167, 171, 177-201, 209, 233
deckard/model/__init__.py                        74     15    80%   45-48, 93-101, 139, 147, 149, 151, 169
deckard/model/_mixins.py                         59     34    42%   21-25, 29, 32, 47-52, 78, 84, 91, 94-99, 102-107, 110-114, 117-139
deckard/model/base.py                           678     82    88%   100-101, 107-108, 268, 289, 302-303, 307-308, 314, 325-326, 333-334, 415, 434-435, 440, 452, 499, 521, 523, 532, 540-542, 565, 657-663, 695, 701, 706, 736-740, 795-796, 805, 831, 863-867, 871, 905, 932, 950, 972, 1002-1003, 1066-1067, 1075-1076, 1221, 1372, 1463-1464, 1507, 1521-1522, 1588-1590, 1601, 1627, 1671, 1673, 1691, 1695-1698, 1706, 1708
deckard/model/canon.py                           65      1    98%   165
deckard/model/defend.py                         679     55    92%   85-86, 92, 95-96, 107, 153, 166, 172, 297, 300, 304, 351, 353, 434, 474-475, 490-491, 534-543, 718, 806-809, 826-828, 860-863, 872-877, 905-908, 932, 1076, 1110, 1121, 1130-1132, 1189, 1275, 1294, 1322-1323, 1347-1348
deckard/model/defense/__init__.py                15      0   100%
deckard/model/defense/default.py                  3      0   100%
deckard/model/detector.py                        29      0   100%
deckard/model/postprocessor.py                   16      0   100%
deckard/model/preprocessor.py                    16      0   100%
deckard/model/regularizer.py                     12      0   100%
deckard/model/trainer.py                         25      2    92%   56-57
deckard/model/trainers.py                       171     53    69%   55, 63-86, 96-97, 99, 158-164, 184-190, 193-202, 235-236, 240, 250-251, 260, 297
deckard/model/transformer.py                     33      0   100%
deckard/plot/__init__.py                         65     11    83%   32, 53, 75-86, 129, 140
deckard/plot/base.py                             74     41    45%   57, 60-67, 129-133, 141-148, 159-166, 178-184, 198-200, 229-230, 233, 236, 253-255
deckard/plot/declarations.py                      6      6     0%   10-114
deckard/plot/yellowbrick_plots.py                 2      2     0%   3-5
deckard/plugins/__init__.py                      48     11    77%   30, 35, 46, 79-87, 100
deckard/plugins/anjana/__init__.py                4      0   100%
deckard/plugins/anjana/data.py                  181     34    81%   194-234, 238, 285, 299-303, 326-329, 348
deckard/plugins/anjana/model.py                  22      1    95%   19
deckard/plugins/anjana/pipeline.py               58      1    98%   37
deckard/plugins/anjana/score.py                 125     11    91%   75-79, 97, 99, 105, 121, 173, 179
deckard/plugins/base.py                         158     24    85%   46, 52, 57-67, 138, 141-144, 168, 186, 211, 213, 229, 237, 257
deckard/plugins/data.py                           2      2     0%   3-5
deckard/plugins/defense.py                       40     26    35%   30-37, 45-55, 65-72, 83-89, 92-94
deckard/plugins/fairlearn/__init__.py             4      0   100%
deckard/plugins/fairlearn/data.py                75      5    93%   57-61
deckard/plugins/fairlearn/model.py              198     73    63%   24-26, 34, 47, 57, 78, 89-99, 103, 107-108, 149-157, 160-168, 184-189, 194, 199, 202, 209-210, 223, 270, 282, 307-336, 340-357
deckard/plugins/fairlearn/pipeline.py            39      1    97%   44
deckard/plugins/fairlearn/score.py              525    162    69%   15-16, 132, 143, 145, 158, 370, 402, 499-511, 528, 532-580, 599, 620, 665-668, 713-869, 907, 952, 975, 993, 1037-1039, 1050-1054, 1068-1072, 1076-1080, 1085-1090, 1093, 1097-1102, 1115-1116, 1142-1164, 1168, 1173, 1180, 1210, 1233, 1238, 1245, 1392
deckard/plugins/lifelines/__init__.py             3      0   100%
deckard/plugins/lifelines/data.py                73      0   100%
deckard/plugins/lifelines/experiment.py         394     69    82%   26-27, 125, 131, 133, 260-267, 290, 300, 305, 313, 317, 324-331, 335-342, 362-365, 393, 437-442, 449, 458-459, 488, 502-525, 537, 583-584, 588, 627-628, 665, 670, 716, 737, 787-791, 811-816, 845, 854, 856, 868, 896-901, 921, 954
deckard/plugins/lifelines/model.py              227      5    98%   74, 263, 265, 422, 529
deckard/plugins/lifelines/plot.py               198     62    69%   51, 63-72, 98, 144-145, 152-154, 164, 204-234, 285, 321-329, 334, 439, 456-458, 482, 529-533, 538, 580, 582, 584, 586, 608, 682
deckard/plugins/lifelines/score.py               45      2    96%   54-55
deckard/plugins/seaborn/__init__.py               2      0   100%
deckard/plugins/seaborn/plot.py                 183     77    58%   83-160, 272, 279, 292, 309, 315-320, 324-333, 423-425
deckard/plugins/yellowbrick/__init__.py           2      0   100%
deckard/plugins/yellowbrick/plot.py             627    386    38%   93-94, 98-99, 191-194, 237-287, 300-302, 306, 310-313, 316-336, 339-351, 356-361, 366-370, 379-391, 529, 531, 533, 535, 547, 571, 601, 604, 612-689, 708-713, 719-725, 733, 738-740, 748-752, 770, 776-836, 839-856, 866-874, 884-892, 901, 903-932, 945-949, 954-988, 1011-1022, 1026-1065, 1078, 1080, 1087-1097, 1117-1123, 1128, 1159, 1161, 1163, 1166, 1171-1185, 1198-1207, 1210-1239, 1242-1275, 1278, 1288-1294
deckard/pytorch/__init__.py                       2      0   100%
deckard/pytorch/attack.py                         2      2     0%   3-5
deckard/pytorch/data.py                           3      3     0%   3-10
deckard/pytorch/data_pipeline.py                  2      2     0%   3-5
deckard/pytorch/experiment.py                     2      2     0%   3-5
deckard/pytorch/fairness_data.py                  2      2     0%   3-5
deckard/pytorch/model.py                          2      0   100%
deckard/score/__init__.py                        82     42    49%   49-69, 73-89, 93-99, 103-126, 130-145, 168, 175, 182, 189, 196, 203, 207, 211, 294-314
deckard/score/_runtime.py                        54      5    91%   15, 62-65
deckard/score/attack.py                         207     13    94%   428, 473-477, 787-793, 796-806, 830
deckard/score/base.py                           771    126    84%   262, 265-272, 337-341, 349-359, 370-377, 389-395, 409-411, 477, 495, 569, 571, 573, 610, 624, 628, 686, 698, 730, 734, 738, 752, 836, 869, 897, 949, 957, 965, 973, 991, 1003-1008, 1026, 1035, 1115, 1141, 1162, 1191-1193, 1241, 1246-1254, 1292-1324, 1366, 1374, 1424, 1437-1444, 1447-1454, 1466-1470, 1492, 1506, 1511, 1535, 1549-1551, 1556, 1596, 1598, 1603, 1618-1623
deckard/score/data.py                           162     17    90%   37-38, 43-44, 61-63, 65, 69, 77-78, 537-538, 562-586, 598-599
deckard/utils.py                                726    103    86%   200, 220, 235-244, 336, 373, 376, 452-454, 485-486, 493-502, 565, 567, 586-589, 689, 731, 735, 786, 791, 797, 805, 808, 835-851, 866, 973, 982, 986, 990, 1016, 1033-1036, 1071, 1113, 1125-1128, 1136-1137, 1141, 1161, 1194-1197, 1241, 1243, 1261, 1267, 1269, 1277-1281, 1314, 1346, 1350, 1396-1397, 1401, 1405, 1430, 1468-1470, 1487, 1494, 1532-1533, 1569, 1599-1604, 1608
---------------------------------------------------------------------------
TOTAL                                         15390   2944    81%
