============================= test session starts ==============================
platform darwin -- Python 3.10.20, pytest-9.0.3, pluggy-1.6.0
rootdir: /Users/c.meyers/Documents/deckard
configfile: pyproject.toml
plugins: hydra-core-1.4.0.dev1, cov-7.1.0, xdist-3.8.0, anyio-4.13.0
created: 12/12 workers
12 workers [1225 items]

........................................................................ [  5%]
.....................................................F.................. [ 11%]
........................................................................ [ 17%]
........................................................................ [ 23%]
..................................................s.ss.................. [ 29%]
........................................................................ [ 35%]
........................................................................ [ 41%]
........................................................................ [ 47%]
........................................................................ [ 52%]
........................................................................ [ 58%]
........................................................................ [ 64%]
........................................................................ [ 70%]
........................................................................ [ 76%]
................................F...............F............F.......... [ 82%]
.....F..............F................................................... [ 88%]
...........s.......s.......s.......................s.................... [ 94%]
........................................................................ [ 99%]
.                                                                        [100%]
=================================== FAILURES ===================================
_____________ TestSplitSampler.test_score_dict_contains_val_fields _____________
[gw2] darwin -- Python 3.10.20 /Users/c.meyers/Documents/deckard/.venv/bin/python

self = <test_sample.TestSplitSampler testMethod=test_score_dict_contains_val_fields>

    def test_score_dict_contains_val_fields(self):
        cfg = DataConfig(
            dataset_name="make_classification",
            data_params={
                "n_samples": 200,
                "n_features": 5,
                "n_informative": 3,
                "n_redundant": 0,
                "random_state": 7,
                "n_clusters_per_class": 1,
            },
            test_size=0.2,
            val_size=0.1,
            random_state=42,
            stratify=True,
            classifier=True,
            sample=SplitSampler(),
        )
        scores = cfg()
        self.assertIn("val_n", scores)
        self.assertIn("val_class_counts", scores)
        # val_class_counts should be a dict
>       self.assertIsInstance(scores["val_class_counts"], dict)
E       AssertionError: [10, 10] is not an instance of <class 'dict'>

test/test_data/test_sample.py:219: AssertionError
_ TestFairnessScorers.test_fairness_classification_and_regression_profiles_are_distinct _
[gw7] darwin -- Python 3.10.20 /Users/c.meyers/Documents/deckard/.venv/bin/python

self = <test_score.TestFairnessScorers testMethod=test_fairness_classification_and_regression_profiles_are_distinct>

    def test_fairness_classification_and_regression_profiles_are_distinct(self):
        classification = DefaultFairlearnClassificationConfig()
        regression = DefaultFairlearnRegressionConfig()
        self.assertIn("accuracy", classification.scorers.keys())
        self.assertIn("mse", regression.scorers.keys())
        self.assertIn("demographic_parity_difference", classification.scorers.keys())
        self.assertIn("equalized_odds_difference", classification.scorers.keys())
        # Regression group metrics should only be in group_scorers, not main scorers
        self.assertIn("group_mae_difference", regression.scorers.keys())
        self.assertIn("group_mse_difference", regression.scorers.keys())
>       self.assertIn("group_mean_prediction_difference", regression.scorers.keys())
E       AssertionError: 'group_mean_prediction_difference' not found in dict_keys(['mse', 'mae', 'r2', 'group_mae_difference', 'group_mse_difference'])

test/test_score/test_score.py:326: AssertionError
_____________ TestFairnessScorers.test_fairness_regression_scores ______________
[gw7] darwin -- Python 3.10.20 /Users/c.meyers/Documents/deckard/.venv/bin/python

self = <test_score.TestFairnessScorers testMethod=test_fairness_regression_scores>

    def test_fairness_regression_scores(self):
        scorer = DefaultFairlearnRegressionConfig()
        y_true = np.array([1.0, 1.8, 3.2, 4.0])
        y_pred = np.array([1.1, 1.6, 2.8, 4.3])
        sensitive = np.array([0, 0, 1, 1])
    
        scores = scorer(
            y_true=y_true,
            y_pred=y_pred,
            mode=None,
            sensitive_features=sensitive,
        )
    
        # Only expect per-group keys for group metrics
>       self.assertIn("0_group_mean_prediction_difference", scores)
E       AssertionError: '0_group_mean_prediction_difference' not found in {'mse': 0.07500000000000004, 'mae': 0.25000000000000006, 'r2': 0.9452554744525548, 'group_mae_difference': 0.20000000000000007, 'group_mse_difference': 0.10000000000000009, '0_mse': 0.024999999999999998, '0_mae': 0.15000000000000002, '0_r2': 0.84375, '0_group_mae_difference': nan, '0_group_mse_difference': nan, '1_mse': 0.12500000000000008, '1_mae': 0.3500000000000001, '1_r2': 0.2187499999999991, '1_group_mae_difference': nan, '1_group_mse_difference': nan, 'mse_difference': 0.10000000000000009, 'mae_difference': 0.20000000000000007, 'r2_difference': 0.6250000000000009}

test/test_score/test_score.py:346: AssertionError
___ TestFairnessScorers.test_metric_frame_fairness_score_dict_classification ___
[gw7] darwin -- Python 3.10.20 /Users/c.meyers/Documents/deckard/.venv/bin/python

self = <test_score.TestFairnessScorers testMethod=test_metric_frame_fairness_score_dict_classification>

    def test_metric_frame_fairness_score_dict_classification(self):
        scorer = FairlearnScoreDictConfig(
            group_scorers={
                "accuracy": ScorerConfig(
                    score_name="accuracy",
                    score_function=accuracy_score,
                ),
            },
            group_reduction="difference",
            include_group_by_group=True,
            include_group_overall=True,
        )
        y_true = np.array([0, 1, 0, 1])
        y_pred = np.array([0, 1, 1, 1])
        sensitive = np.array(["A", "A", "B", "B"])
    
>       scores = scorer(
            y_true=y_true,
            y_pred=y_pred,
            mode=None,
            sensitive_features=sensitive,
        )

test/test_score/test_score.py:369: 
_ _ _ _ _ _ _ _ _ _ _ _ _ _ _ _ _ _ _ _ _ _ _ _ _ _ _ _ _ _ _ _ _ _ _ _ _ _ _ _ 
deckard/score/fairness.py:441: in __call__
    results = ScorerDictConfig.__call__(
_ _ _ _ _ _ _ _ _ _ _ _ _ _ _ _ _ _ _ _ _ _ _ _ _ _ _ _ _ _ _ _ _ _ _ _ _ _ _ _ 

self = FairlearnScoreDictConfig(score_dict={}, scorers={}, group_scorers={'accuracy': ScorerConfig(score_name='accuracy', sco...lude_group_by_group=True, control_features=None, sample_params=None, n_boot=None, ci_quantiles=None, random_state=None)
mode = None, data = None, model = None, attack = None
y_pred = array([0, 1, 1, 1]), y_true = array([0, 1, 0, 1]), score_file = None
kwargs = {'sensitive_features': array(['A', 'A', 'B', 'B'], dtype='<U1')}
results = {}, y_proba = None
runtime_kwargs = {'attack': None, 'data': None, 'mode': None, 'model': None, ...}

    def __call__(
        self,
        mode: Literal[
            "test",
            "train",
            "attack",
            "val",
            "attack-val",
            "pre-sample",
            None,
        ] = "test",
        data: "DataConfig | None" = None,
        model: Any = None,
        attack: Any = None,
        y_pred=None,
        y_true=None,
        score_file=None,
        **kwargs: Any,
    ) -> dict[str, Any]:
        results = {}
        if score_file is not None and Path(score_file).exists():
            results = self.load_scores(score_file)
    
        if y_pred is not None:
            if y_true is None:
                raise AssertionError(
                    "If y_pred is provided, y_true must also be provided.",
                )
        else:
            if mode == "test":
                assert data is not None
                y_true = data.y_test
                y_pred = getattr(model, "test_predictions", None)
                if y_pred is None:
                    y_pred = getattr(model, "predictions", None)
            elif mode == "train":
                assert data is not None and model is not None
                y_true = data.y_train
                y_pred = model.training_predictions
            elif mode == "attack":
                assert data is not None and attack is not None
                y_true = getattr(attack, "attacked_labels", None)
                if y_true is None:
                    y_test = getattr(data, "y_test", None)
                    if y_test is None:
                        raise ValueError(
                            "attack mode requires attack.attacked_labels or data.y_test",
                        )
                    y_true = y_test[: attack.attack_size]
                y_pred = attack.attack_predictions
            elif mode == "val":
                assert data is not None and model is not None
                y_true = data.y_val
                y_pred = model.val_predictions
            elif mode == "attack-val":
                assert data is not None and attack is not None
                y_true = getattr(attack, "attacked_labels", None)
                if y_true is None:
                    y_true = data.y_val
                y_pred = attack.attack_predictions
            elif mode == "pre-sample":
                assert data is not None
                y_true = getattr(data, "_y", None)
                y_pred = getattr(data, "_X", None)
                if y_true is None or y_pred is None:
                    raise ValueError(
                        "pre-sample mode requires data._X and data._y to be loaded",
                    )
            elif y_true is None:
                raise AssertionError("y_true must be provided if mode is None")
    
        if attack is not None:
            for key, value in kwargs.items():
                if value == "{attack}":
                    kwargs[key] = attack._attack
    
        y_proba = kwargs.pop("y_proba", None)
    
        runtime_kwargs = {
            **kwargs,
            "data": data,
            "model": model,
            "attack": attack,
            "mode": mode,
        }
    
    
        if not self.scorers:
>           raise ValueError("ScorerDictConfig must have at least one scorer defined; got empty scorers dict.")
E           ValueError: ScorerDictConfig must have at least one scorer defined; got empty scorers dict.

deckard/score/base.py:599: ValueError
_____ TestFairnessScorers.test_metric_frame_fairness_score_dict_regression _____
[gw7] darwin -- Python 3.10.20 /Users/c.meyers/Documents/deckard/.venv/bin/python

self = <test_score.TestFairnessScorers testMethod=test_metric_frame_fairness_score_dict_regression>

    def test_metric_frame_fairness_score_dict_regression(self):
        scorer = FairlearnScoreDictConfig(
            group_scorers={
                "mse": ScorerConfig(
                    score_name="mse",
                    score_function=mean_squared_error,
                ),
            },
            group_reduction="ratio",
            include_group_by_group=True,
            include_group_overall=False,
        )
        y_true = np.array([1.0, 2.0, 3.0, 4.0])
        y_pred = np.array([1.1, 1.9, 2.8, 4.2])
        sensitive = np.array([0, 0, 1, 1])
    
>       scores = scorer(
            y_true=y_true,
            y_pred=y_pred,
            mode=None,
            sensitive_features=sensitive,
        )

test/test_score/test_score.py:397: 
_ _ _ _ _ _ _ _ _ _ _ _ _ _ _ _ _ _ _ _ _ _ _ _ _ _ _ _ _ _ _ _ _ _ _ _ _ _ _ _ 
deckard/score/fairness.py:441: in __call__
    results = ScorerDictConfig.__call__(
_ _ _ _ _ _ _ _ _ _ _ _ _ _ _ _ _ _ _ _ _ _ _ _ _ _ _ _ _ _ _ _ _ _ _ _ _ _ _ _ 

self = FairlearnScoreDictConfig(score_dict={}, scorers={}, group_scorers={'mse': ScorerConfig(score_name='mse', score_functio...lude_group_by_group=True, control_features=None, sample_params=None, n_boot=None, ci_quantiles=None, random_state=None)
mode = None, data = None, model = None, attack = None
y_pred = array([1.1, 1.9, 2.8, 4.2]), y_true = array([1., 2., 3., 4.])
score_file = None, kwargs = {'sensitive_features': array([0, 0, 1, 1])}
results = {}, y_proba = None
runtime_kwargs = {'attack': None, 'data': None, 'mode': None, 'model': None, ...}

    def __call__(
        self,
        mode: Literal[
            "test",
            "train",
            "attack",
            "val",
            "attack-val",
            "pre-sample",
            None,
        ] = "test",
        data: "DataConfig | None" = None,
        model: Any = None,
        attack: Any = None,
        y_pred=None,
        y_true=None,
        score_file=None,
        **kwargs: Any,
    ) -> dict[str, Any]:
        results = {}
        if score_file is not None and Path(score_file).exists():
            results = self.load_scores(score_file)
    
        if y_pred is not None:
            if y_true is None:
                raise AssertionError(
                    "If y_pred is provided, y_true must also be provided.",
                )
        else:
            if mode == "test":
                assert data is not None
                y_true = data.y_test
                y_pred = getattr(model, "test_predictions", None)
                if y_pred is None:
                    y_pred = getattr(model, "predictions", None)
            elif mode == "train":
                assert data is not None and model is not None
                y_true = data.y_train
                y_pred = model.training_predictions
            elif mode == "attack":
                assert data is not None and attack is not None
                y_true = getattr(attack, "attacked_labels", None)
                if y_true is None:
                    y_test = getattr(data, "y_test", None)
                    if y_test is None:
                        raise ValueError(
                            "attack mode requires attack.attacked_labels or data.y_test",
                        )
                    y_true = y_test[: attack.attack_size]
                y_pred = attack.attack_predictions
            elif mode == "val":
                assert data is not None and model is not None
                y_true = data.y_val
                y_pred = model.val_predictions
            elif mode == "attack-val":
                assert data is not None and attack is not None
                y_true = getattr(attack, "attacked_labels", None)
                if y_true is None:
                    y_true = data.y_val
                y_pred = attack.attack_predictions
            elif mode == "pre-sample":
                assert data is not None
                y_true = getattr(data, "_y", None)
                y_pred = getattr(data, "_X", None)
                if y_true is None or y_pred is None:
                    raise ValueError(
                        "pre-sample mode requires data._X and data._y to be loaded",
                    )
            elif y_true is None:
                raise AssertionError("y_true must be provided if mode is None")
    
        if attack is not None:
            for key, value in kwargs.items():
                if value == "{attack}":
                    kwargs[key] = attack._attack
    
        y_proba = kwargs.pop("y_proba", None)
    
        runtime_kwargs = {
            **kwargs,
            "data": data,
            "model": model,
            "attack": attack,
            "mode": mode,
        }
    
    
        if not self.scorers:
>           raise ValueError("ScorerDictConfig must have at least one scorer defined; got empty scorers dict.")
E           ValueError: ScorerDictConfig must have at least one scorer defined; got empty scorers dict.

deckard/score/base.py:599: ValueError
_ TestFairnessScorers.test_metric_frame_fairness_score_dict_supports_full_metricframe_kwargs _
[gw7] darwin -- Python 3.10.20 /Users/c.meyers/Documents/deckard/.venv/bin/python

self = <test_score.TestFairnessScorers testMethod=test_metric_frame_fairness_score_dict_supports_full_metricframe_kwargs>

    def test_metric_frame_fairness_score_dict_supports_full_metricframe_kwargs(
        self,
    ):
        scorer = FairlearnScoreDictConfig(
            group_scorers={
                "accuracy": ScorerConfig(
                    score_name="accuracy",
                    score_function=accuracy_score,
                ),
            },
            group_reduction="difference",
            include_group_by_group=True,
            include_group_overall=True,
            n_boot=5,
            ci_quantiles=[0.25, 0.75],
            random_state=7,
        )
        y_true = np.array([0, 1, 0, 1, 0, 1])
        y_pred = np.array([0, 1, 1, 1, 0, 0])
        sensitive = np.array(["A", "A", "B", "B", "A", "B"])
        control = np.array(["X", "X", "X", "Y", "Y", "Y"])
        sample_weight = np.array([1.0, 2.0, 1.0, 1.0, 0.5, 1.5])
    
>       scores = scorer(
            y_true=y_true,
            y_pred=y_pred,
            mode=None,
            sensitive_features=sensitive,
            control_features=control,
            sample_params={"sample_weight": sample_weight},
        )

test/test_score/test_score.py:431: 
_ _ _ _ _ _ _ _ _ _ _ _ _ _ _ _ _ _ _ _ _ _ _ _ _ _ _ _ _ _ _ _ _ _ _ _ _ _ _ _ 
deckard/score/fairness.py:441: in __call__
    results = ScorerDictConfig.__call__(
_ _ _ _ _ _ _ _ _ _ _ _ _ _ _ _ _ _ _ _ _ _ _ _ _ _ _ _ _ _ _ _ _ _ _ _ _ _ _ _ 

self = FairlearnScoreDictConfig(score_dict={}, scorers={}, group_scorers={'accuracy': ScorerConfig(score_name='accuracy', sco...de_group_by_group=True, control_features=None, sample_params=None, n_boot=5, ci_quantiles=[0.25, 0.75], random_state=7)
mode = None, data = None, model = None, attack = None
y_pred = array([0, 1, 1, 1, 0, 0]), y_true = array([0, 1, 0, 1, 0, 1])
score_file = None
kwargs = {'control_features': array(['X', 'X', 'X', 'Y', 'Y', 'Y'], dtype='<U1'), 'sample_params': {'sample_weight': array([1. , 2. , 1. , 1. , 0.5, 1.5])}, 'sensitive_features': array(['A', 'A', 'B', 'B', 'A', 'B'], dtype='<U1')}
results = {}, y_proba = None
runtime_kwargs = {'attack': None, 'control_features': array(['X', 'X', 'X', 'Y', 'Y', 'Y'], dtype='<U1'), 'data': None, 'mode': None, ...}

    def __call__(
        self,
        mode: Literal[
            "test",
            "train",
            "attack",
            "val",
            "attack-val",
            "pre-sample",
            None,
        ] = "test",
        data: "DataConfig | None" = None,
        model: Any = None,
        attack: Any = None,
        y_pred=None,
        y_true=None,
        score_file=None,
        **kwargs: Any,
    ) -> dict[str, Any]:
        results = {}
        if score_file is not None and Path(score_file).exists():
            results = self.load_scores(score_file)
    
        if y_pred is not None:
            if y_true is None:
                raise AssertionError(
                    "If y_pred is provided, y_true must also be provided.",
                )
        else:
            if mode == "test":
                assert data is not None
                y_true = data.y_test
                y_pred = getattr(model, "test_predictions", None)
                if y_pred is None:
                    y_pred = getattr(model, "predictions", None)
            elif mode == "train":
                assert data is not None and model is not None
                y_true = data.y_train
                y_pred = model.training_predictions
            elif mode == "attack":
                assert data is not None and attack is not None
                y_true = getattr(attack, "attacked_labels", None)
                if y_true is None:
                    y_test = getattr(data, "y_test", None)
                    if y_test is None:
                        raise ValueError(
                            "attack mode requires attack.attacked_labels or data.y_test",
                        )
                    y_true = y_test[: attack.attack_size]
                y_pred = attack.attack_predictions
            elif mode == "val":
                assert data is not None and model is not None
                y_true = data.y_val
                y_pred = model.val_predictions
            elif mode == "attack-val":
                assert data is not None and attack is not None
                y_true = getattr(attack, "attacked_labels", None)
                if y_true is None:
                    y_true = data.y_val
                y_pred = attack.attack_predictions
            elif mode == "pre-sample":
                assert data is not None
                y_true = getattr(data, "_y", None)
                y_pred = getattr(data, "_X", None)
                if y_true is None or y_pred is None:
                    raise ValueError(
                        "pre-sample mode requires data._X and data._y to be loaded",
                    )
            elif y_true is None:
                raise AssertionError("y_true must be provided if mode is None")
    
        if attack is not None:
            for key, value in kwargs.items():
                if value == "{attack}":
                    kwargs[key] = attack._attack
    
        y_proba = kwargs.pop("y_proba", None)
    
        runtime_kwargs = {
            **kwargs,
            "data": data,
            "model": model,
            "attack": attack,
            "mode": mode,
        }
    
    
        if not self.scorers:
>           raise ValueError("ScorerDictConfig must have at least one scorer defined; got empty scorers dict.")
E           ValueError: ScorerDictConfig must have at least one scorer defined; got empty scorers dict.

deckard/score/base.py:599: ValueError
=============================== warnings summary ===============================
test/test_plot/test_seaborn.py::TestSeabornPlots::test_cat_plot_returns_real_axis
  /Users/c.meyers/Documents/deckard/.venv/lib/python3.10/site-packages/seaborn/categorical.py:700: PendingDeprecationWarning: vert: bool will be deprecated in a future version. Use orientation: {'vertical', 'horizontal'} instead.
    artists = ax.bxp(**boxplot_kws)

-- Docs: https://docs.pytest.org/en/stable/how-to/capture-warnings.html
================================ tests coverage ================================
______________ coverage: platform darwin, python 3.10.20-final-0 _______________

Name                                     Stmts   Miss  Cover
------------------------------------------------------------
deckard/__init__.py                         80      0   100%
deckard/__main__.py                         98      6    94%
deckard/attack/__init__.py                   4      0   100%
deckard/attack/base.py                    1029     21    98%
deckard/attack/declarations.py              25      0   100%
deckard/attack/pytorch.py                   43     14    67%
deckard/attack/torch_utils.py               71      0   100%
deckard/data/__init__.py                    23      2    91%
deckard/data/anjana.py                     232      2    99%
deckard/data/base.py                       755     31    96%
deckard/data/declarations.py                14      0   100%
deckard/data/fairness.py                   135      3    98%
deckard/data/fairness_pytorch.py            87     15    83%
deckard/data/pytorch.py                    351      5    99%
deckard/data/sample.py                      80      0   100%
deckard/data/survival.py                    65      0   100%
deckard/detector/__init__.py                 2      0   100%
deckard/detector/base.py                   151      2    99%
deckard/experiment/__init__.py              15      0   100%
deckard/experiment/base.py                 659      7    99%
deckard/experiment/declarations.py           7      0   100%
deckard/experiment/survival.py             375     27    93%
deckard/experiment/torch_experiment.py     103      2    98%
deckard/file.py                             98      2    98%
deckard/layers/__init__.py                  18      0   100%
deckard/layers/compile_results.py           84      2    98%
deckard/layers/optimize.py                 510     11    98%
deckard/layers/pareto.py                   157      7    96%
deckard/layers/plot.py                     216      2    99%
deckard/layers/progress_bar.py             314     15    95%
deckard/layers/rerun_failed_studies.py      95      1    99%
deckard/layers/survival.py                 109      5    95%
deckard/model/__init__.py                   28      2    93%
deckard/model/anjana.py                     16      0   100%
deckard/model/base.py                      511      3    99%
deckard/model/declarations.py               30      0   100%
deckard/model/defend.py                    497     23    95%
deckard/model/fairness.py                  312      1    99%
deckard/model/pytorch.py                   549     11    98%
deckard/model/survival.py                  223      0   100%
deckard/plot/__init__.py                    44      2    95%
deckard/plot/declarations.py                 6      0   100%
deckard/plot/seaborn_plots.py              125      9    93%
deckard/plot/survival.py                   198     29    85%
deckard/plot/yellowbrick_plots.py          533    234    56%
deckard/score/__init__.py                   28      0   100%
deckard/score/anjana.py                     61      0   100%
deckard/score/attack.py                    206      3    99%
deckard/score/base.py                      418      3    99%
deckard/score/data.py                      114      0   100%
deckard/score/declarations.py               24      0   100%
deckard/score/declarations_fairness.py      10      0   100%
deckard/score/declarations_survival.py       5      0   100%
deckard/score/fairness.py                  350      0   100%
deckard/score/pytorch.py                    14      1    93%
deckard/score/survival.py                   45      2    96%
deckard/utils.py                           712     18    97%
------------------------------------------------------------
TOTAL                                    11064    523    95%
============================== slowest durations ===============================
28.86s call     test/test_experiment/test_pytorch_experiment.py::test_deckard_optimize_torch_poisoning_gradient_matching_smoke_matrix
27.72s call     test/test_experiment/test_pytorch_experiment.py::test_deckard_optimize_torch_art_smoke_matrix
13.08s call     test/test_integration/test_survival_integration.py::test_survival_cli_in_examples_sklearn[diabetes-weibull]
9.61s call     test/test_experiment/test_experiment.py::TestPoisoningExperimentIntegration::test_deckard_optimize_help_smoke
9.29s call     test/test_experiment/test_anjana_experiment.py::test_deckard_optimize_subcommand_help_in_sklearn_dir
9.05s call     test/test_experiment/test_pytorch_experiment.py::test_deckard_optimize_help_in_examples_pytorch
9.05s call     test/test_integration/test_survival_integration.py::test_survival_cli_in_examples_sklearn[leukemia-weibull]
8.86s call     test/test_experiment/test_pytorch_experiment.py::test_deckard_optimize_subcommand_help_in_pytorch_dir
8.51s call     test/test_integration/test_survival_integration.py::test_survival_cli_in_examples_sklearn[lung-cox]
8.32s call     test/test_integration/test_survival_integration.py::test_survival_cli_in_examples_sklearn[lifelines_diabetes-weibull]
8.17s call     test/test_integration/test_survival_integration.py::test_survival_cli_in_examples_sklearn[lifelines_diabetes-cox]
7.56s call     test/test_layers/test_optimize.py::test_deckard_optimize_hydra_multirun_cli_smoke
6.01s call     test/test_integration/test_anjana_integration.py::test_deckard_optimize_hydra_multirun_syncs_optuna_trial_attrs_sklearn
5.81s call     test/test_integration/test_anjana_integration.py::test_deckard_optimize_help_in_examples_sklearn
5.80s call     test/test_integration/test_anjana_integration.py::test_joblib_launcher_syncs_scores_and_attrs_sklearn
5.42s call     test/test_integration/test_anjana_integration.py::test_cli_score_chain_with_fairness_sklearn
5.37s call     test/test_integration/test_anjana_integration.py::test_cli_score_chain_data_anjana_evasion_sklearn
5.33s call     test/test_experiment/test_pytorch_experiment.py::test_deckard_optimize_torch_fairness_smoke_matrix
5.07s call     test/test_integration/test_anjana_integration.py::test_deckard_optimize_smoke_matrix_sklearn
4.20s call     test/test_integration/test_anjana_integration.py::test_cli_score_chain_with_model_without_attack_sklearn
4.14s call     test/test_integration/test_anjana_integration.py::test_cli_score_chain_without_model_or_attack_sklearn
3.56s call     test/test_layers/test_pareto.py::TestParetoMain::test_multi_objective_produces_pareto_front
3.40s call     test/test_integration/test_base_integration.py::test_adult_all_attack_types_base[<lambda>-database_reconstruction_]
2.24s call     test/test_layers/test_survival_modes_integration.py::TestMode1NativeSurvivalData::test_native_survival_with_lifelines_diabetes
1.95s call     test/test_layers/test_optimize.py::test_parallel_jobs_do_not_break_synchronization
1.80s call     test/test_layers/test_optimize.py::test_seed_experiment_uuid_for_current_trial_tags_trial
1.49s call     test/test_integration/test_fairness_integration.py::test_mixed_fairlearn_and_art_defenses_apply_with_type_checks
1.33s call     test/test_layers/test_progress_bar_layer.py::test_collect_storage_finished_counts_reads_trials_and_earliest
1.22s call     test/test_integration/test_base_integration.py::test_cli_attack_composition_database_reconstruction_smoke
1.20s call     test/test_integration/test_base_integration.py::test_cli_full_experiment_composition_database_reconstruction_end_to_end
0.88s call     test/test_attack/test_fairlearn_attack.py::TestFairlearnAttackScorer::test_membership_inference_with_fairlearn_scorer_end_to_end
0.78s call     test/test_utils/test_base_utils.py::TestTopLevelSaveLoadData::test_save_and_load_parquet
0.77s call     test/test_attack/test_fairlearn_attack.py::TestFairlearnAttackScorer::test_evasion_attack_with_fairlearn_scorer_end_to_end
0.64s call     test/test_experiment/test_experiment.py::TestExperimentScorerModePermutations::test_data_profile_scorer_supports_all_mode_permutations
0.63s call     test/test_integration/test_base_integration.py::test_adult_all_attack_types_base[<lambda>-membership_inference_]
0.62s call     test/test_attack/test_attack.py::TestAttackConfig::test_real_database_reconstruction_attack_executes
0.61s call     test/test_plot/test_yellowbrick.py::TestYellowbrickPlots::test_clustering_plots
0.59s call     test/test_data/test_data.py::TestDataConfigAdditional::test_digits_data_loading_and_sampling
0.56s call     test/test_data/test_data.py::TestDataPipelineConfig::test_pipeline_fit_time
0.48s call     test/test_attack/test_attack.py::TestExtractBranches::test_initialize_attack_builds_neural_art_classifier_for_extraction
0.47s call     test/test_integration/test_base_integration.py::test_cli_data_model_composition_adult_logistic
0.45s call     test/test_layers/test_progress_bar_layer.py::test_progress_bar_main_integration_reads_dvc_and_optuna_db
0.40s call     test/test_data/test_data.py::TestDataConfig::test_digits_data_loading_and_sampling
0.40s call     test/test_model/test_model_fairness.py::TestFairlearnModelConfig::test_sensitive_fairness_scores_naming_convention
0.39s call     test/test_attack/test_attack.py::TestAttackConfig::test_real_membership_inference_attack_executes
0.38s call     test/test_plot/test_yellowbrick.py::TestYellowbrickPlots::test_single_plot_applies_rc_config
0.34s call     test/test_experiment/test_pytorch_experiment.py::test_pytorch_model_hash_stable_after_training
0.34s setup    test/test_integration/test_base_integration.py::test_adult_all_attack_types_base[<lambda>-evasion_]
0.33s call     test/test_integration/test_hydra_score_config_integration.py::test_survival_config_uses_survival_score_group
0.33s call     test/test_experiment/test_pytorch_experiment.py::test_art_last_ordering_no_warning_for_wrapper_only_chain
0.32s call     test/test_model/test_model_core.py::TestModelConfig::test_call_training_and_prediction
0.31s call     test/test_data/test_data.py::TestDataPipelineConfig::test_pipeline_transform_time
0.30s call     test/test_layers/test_optimize.py::test_optimize_main_runs_hydra_configured_pytorch_experiment
0.28s call     test/test_plot/test_seaborn.py::TestSeabornPlots::test_scatter_plot_saves_and_sets_labels
0.27s call     test/test_integration/test_fairness_integration.py::test_fairness_model_config_hash_stable_after_training
0.27s call     test/test_experiment/test_pytorch_experiment.py::test_pytorch_model_trains_on_synthetic_data
0.27s call     test/test_model/test_pytorch_serialization.py::test_pytorch_model_loss_decreases_during_training
0.26s call     test/test_layers/test_optimize.py::test_job_restarts_do_not_break_syncrhonization
0.25s call     test/test_plot/test_yellowbrick.py::TestYellowbrickPlots::test_one_clustering_plot
0.25s call     test/test_utils/test_base_utils.py::TestConfigBaseSaveLoadData::test_save_data_parquet
0.24s call     test/test_data/test_data_base_unit.py::test_score_and_feature_score_branches
0.23s call     test/test_model/test_pytorch_serialization.py::test_pytorch_model_checkpointing_scores_and_caches_models
0.23s call     test/test_model/test_pytorch_serialization.py::test_pytorch_model_checkpoint_records_track_epochs
0.23s call     test/test_integration/test_hydra_score_config_integration.py::test_classification_score_group_executes_end_to_end
0.22s call     test/test_integration/test_pytorch_anjana_integration.py::test_torch_model_scores_include_benign_metrics_for_chain_readiness
0.22s call     test/test_score/test_score.py::TestDataInspectionScorers::test_data_classification_default_scores
0.21s call     test/test_plot/test_yellowbrick.py::TestYellowbrickPlots::test_one_regression_plot
0.21s call     test/test_integration/test_base_integration.py::test_cli_attack_composition_fgm
0.20s call     test/test_integration/test_fairness_integration.py::test_fairness_data_and_model_scores
0.20s call     test/test_plot/test_seaborn.py::TestSeabornPlots::test_heatmap_plot_uses_matrix_data
0.20s call     test/test_integration/test_fairness_integration.py::test_fairness_model_config_object_pickle_roundtrip
0.19s call     test/test_model/test_pytorch_serialization.py::test_pytorch_model_training_records_optimizer_loss_and_serializes_it
0.18s call     test/test_integration/test_hydra_score_config_integration.py::test_default_can_switch_to_fairness_score_group
0.18s call     test/test_integration/test_base_integration.py::test_cli_defense_composition_feature_squeezing
0.17s call     test/test_experiment/test_anjana_experiment.py::test_anjana_defense_applied_before_split
0.17s call     test/test_model/test_pytorch_serialization.py::test_pytorch_model_checkpointing_preserves_post_fit_defense_stage
0.17s call     test/test_integration/test_base_integration.py::test_cli_data_model_composition_diabetes_rf
0.17s call     test/test_integration/test_hydra_score_config_integration.py::test_fairness_score_group_executes_end_to_end
0.16s call     test/test_integration/test_hydra_score_config_integration.py::test_scorer_dict_config_object_pickle_roundtrip
0.16s call     test/test_experiment/test_experiment.py::TestExperimentPostInitMoreBranches::test_attack_as_str_yaml
0.16s call     test/test_model/test_pytorch_serialization.py::test_pytorch_model_with_adam_optimizer
0.16s call     test/test_experiment/test_anjana_experiment.py::test_anjana_fairness_data_and_art_model_chain
0.16s call     test/test_data/test_fairness_pytorch.py::test_sensitive_extraction
0.16s call     test/test_integration/test_base_integration.py::test_cli_experiment_tuning_mode_emits_test_scores
0.16s call     test/test_integration/test_hydra_score_config_integration.py::test_regression_score_group_executes_end_to_end
0.15s call     test/test_integration/test_hydra_score_config_integration.py::test_scorer_dict_config_scores_persist_and_reload
0.15s call     test/test_integration/test_base_integration.py::test_cli_full_experiment_composition
0.15s call     test/test_integration/test_base_integration.py::test_base_data_model_attack_end_to_end[data_cfg1-model_cfg1-attack_cfg1-False-evasion_]
0.15s call     test/test_data/test_fairlearn_data_config.py::TestLoadData::test_load_data_missing_X_raises_assertion
0.15s call     test/test_model/test_pytorch_serialization.py::test_pytorch_model_config_save_and_load_roundtrip
0.15s call     test/test_data/test_fairlearn_data_config.py::TestClassificationFeatureScoresForGroup::test_classification_scores_contains_required_metrics
0.15s call     test/test_model/test_pytorch_serialization.py::test_pytorch_checkpoint_filename_format_appends_epoch_before_extension
0.15s call     test/test_integration/test_hydra_score_config_integration.py::test_scorer_dict_config_hash_stable_after_scoring
0.14s call     test/test_integration/test_hydra_score_config_integration.py::test_scorer_dict_config_equal_content_produces_equal_hash
0.14s call     test/test_experiment/test_experiment.py::TestExperimentScoreFileHandling::test_existing_score_file_is_merged
0.14s call     test/test_integration/test_fairness_integration.py::test_fairness_defense_config_apply_to_trained_model
0.14s setup    test/test_integration/test_fairness_integration.py::test_generate_fairness_data_model_with_and_without_attack[False]
0.13s call     test/test_data/test_data.py::TestDataConfigAdditional::test_save_data_file
0.13s call     test/test_experiment/test_anjana_experiment.py::test_anjana_experiment_scores_persist_to_json
0.13s call     test/test_plot/test_yellowbrick.py::TestYellowbrickPlots::test_one_classification_plot
0.13s call     test/test_model/test_model_core.py::TestModelConfig::test_call_skips_scoring_when_scorer_none
0.12s call     test/test_data/test_pytorch.py::TestPytorchCustomDataConfig::test_custom_sample_handles_sensitive_batches_and_invalid_batch_shapes
0.12s teardown test/test_plot/test_yellowbrick.py::TestYellowbrickPlots::test_parse_cv_uses_explicit_integer
0.11s call     test/test_data/test_fairlearn_data_config.py::TestLoadData::test_load_data_missing_y_raises_assertion
0.10s call     test/test_integration/test_base_integration.py::test_data_config_hash_stable_after_execution
0.10s call     test/test_experiment/test_experiment.py::TestExperimentScoreFileHandling::test_score_file_is_created
0.10s call     test/test_data/test_data.py::TestDataPipelineConfig::test_pipeline_fit_and_transform
0.10s call     test/test_experiment/test_pytorch_experiment.py::test_art_last_ordering_no_warning_when_already_last
0.09s call     test/test_plot/test_seaborn.py::TestSeabornPlots::test_cat_plot_returns_real_axis
0.09s call     test/test_data/test_data.py::TestDataConfigAdditional::test_call_returns_expected_shapes_for_make_classification
0.09s call     test/test_integration/test_hydra_score_config_integration.py::test_survival_score_group_executes_end_to_end
0.08s call     test/test_data/test_data.py::TestDataConfigAdditional::test_diabetes_data_loading_and_sampling
0.08s call     test/test_model/test_pytorch_serialization.py::test_pytorch_model_different_batch_sizes
0.08s call     test/test_experiment/test_experiment.py::TestKFoldExperiment::test_per_fold_keys_present
0.08s call     test/test_model/test_pytorch_serialization.py::test_pytorch_epoch_attack_scoring_runs_each_epoch_and_keeps_convention
0.07s call     test/test_data/test_data_base_unit.py::test_load_data_routes_lifelines_aliases_and_csv_options
0.07s call     test/test_experiment/test_experiment.py::TestSetRandomSeed::test_set_random_seed_pytorch
0.07s call     test/test_attack/test_attack.py::TestAttackConfig::test_initialize_attack_rejects_unsupported_type
0.07s call     test/test_experiment/test_pytorch_experiment.py::test_pytorch_experiment_end_to_end
0.07s call     test/test_experiment/test_experiment.py::TestExperimentValidationScoring::test_tuning_mode_emits_test_scores
0.07s call     test/test_plot/test_yellowbrick.py::TestYellowbrickPlots::test_single_plot_prepares_experiment_only_once
0.07s call     test/test_experiment/test_pytorch_experiment.py::test_pytorch_experiment_scores_persist_via_file_config
0.07s call     test/test_experiment/test_experiment.py::TestExperimentValidationScoring::test_report_mode_emits_validation_scores_only
0.06s call     test/test_detector/test_detector.py::test_real_art_evasion_binary_input_detector_executes
0.06s call     test/test_integration/test_anjana_integration.py::test_anjana_attack_chain_type_and_scores
0.06s call     test/test_integration/test_pytorch_fairness_integration.py::test_pytorch_model_training_with_fairness_style_data
0.06s call     test/test_integration/test_anjana_integration.py::test_anjana_fairness_and_art_chain_type_and_transform
0.06s call     test/test_layers/test_compile_results_layer.py::TestCompileResultsMain::test_creates_nested_output_dir
0.06s call     test/test_integration/test_fairness_integration.py::test_fairness_data_config_scores_persist_and_reload
0.05s call     test/test_integration/test_base_integration.py::test_experiment_config_scores_persist_and_reload
0.05s call     test/test_utils/test_base_utils.py::TestUtilsAdditional::test_execute_returns_fallback_score_dict_on_exception
0.05s call     test/test_model/test_pytorch_serialization.py::test_pytorch_score_helpers_classification_and_regression
0.05s call     test/test_experiment/test_anjana_experiment.py::test_anjana_experiment_end_to_end
0.05s call     test/test_experiment/test_experiment.py::TestShuffleExperiment::test_shuffle_mean_key_present
0.05s call     test/test_attack/test_attack.py::TestAttackConfig::test_evade_includes_benign_scores
0.05s call     test/test_plot/test_seaborn.py::TestSeabornPlots::test_call_uses_passed_axes
0.05s call     test/test_integration/test_base_integration.py::test_model_config_object_pickle_roundtrip
0.05s call     test/test_experiment/test_experiment.py::TestShuffleExperiment::test_mean_equals_average_of_splits
0.05s call     test/test_experiment/test_experiment.py::TestRunSinglePipelineBranchesExtra::test_val_score_mode_resamples_loaded_data_for_validation_split
0.05s call     test/test_experiment/test_anjana_experiment.py::test_anjana_data_with_attack_scoring
0.05s call     test/test_attack/test_attack.py::TestAttackConfig::test_real_model_inversion_attack_executes
0.05s call     test/test_experiment/test_experiment.py::TestExperimentValidationScoring::test_tuning_mode_without_validation_split_uses_test_scores
0.05s call     test/test_integration/test_base_integration.py::test_base_data_model_end_to_end_without_attack[data_cfg1-model_cfg1-accuracy]
0.05s call     test/test_data/test_data.py::TestDataConfigAdditional::test_save_score_dict
0.05s call     test/test_model/test_model_defense_pipeline.py::TestRetrainingDefensePipeline::test_retraining_defense_is_reordered_last_with_warning
0.05s call     test/test_experiment/test_experiment.py::TestPoisoningExperimentIntegration::test_poisoning_experiment_emits_benign_and_poisoned_accuracy
0.05s call     test/test_experiment/test_anjana_experiment.py::test_anjana_data_with_art_model_defense_chain
0.05s call     test/test_experiment/test_pytorch_experiment.py::test_pytorch_scores_persist_to_json
0.05s call     test/test_experiment/test_experiment.py::TestRunSinglePipelineBranchesExtra::test_data_file_path_loads_object_and_saves_score_file
0.05s call     test/test_attack/test_attack.py::TestAttackConfig::test_save_and_load_attack
0.05s call     test/test_integration/test_fairness_integration.py::test_generate_fairness_data_model_with_and_without_attack[True]
0.04s call     test/test_model/test_model_core.py::TestModelConfig::test_call_saves_train_and_test_predictions_when_requested
0.04s call     test/test_integration/test_base_integration.py::test_model_config_hash_stable_after_training
0.04s call     test/test_experiment/test_pytorch_experiment.py::test_pytorch_model_with_art_preprocessor_defense
0.04s call     test/test_data/test_data.py::TestDataConfig::test_diabetes_data_loading_and_sampling
0.04s call     test/test_experiment/test_pytorch_experiment.py::test_pytorch_model_with_art_postprocessor_defense
0.04s call     test/test_experiment/test_experiment.py::TestKFoldExperiment::test_kfold_mean_key_present
0.04s call     test/test_plot/test_yellowbrick.py::TestYellowbrickPlots::test_plot_list_applies_rc_config
0.04s call     test/test_data/test_data.py::TestDataConfig::test_save_data_file
0.04s call     test/test_utils/test_base_utils.py::TestUtilsAdditional::test_import_class_from_file_success
0.04s call     test/test_integration/test_pytorch_fairness_integration.py::test_pytorch_art_defense_pipeline_runs_with_real_art_defense
0.04s call     test/test_integration/test_base_integration.py::test_data_analysis_scorer_regression_with_reference_column
0.04s call     test/test_experiment/test_pytorch_experiment.py::test_pytorch_experiment_hash_stable_after_execution
0.04s call     test/test_data/test_pytorch.py::TestPytorchDataConfig::test_hash_method
0.04s call     test/test_data/test_data.py::TestDataConfig::test_load_self
0.04s call     test/test_experiment/test_pytorch_experiment.py::test_pytorch_model_config_initialises
0.04s call     test/test_experiment/test_experiment.py::TestExperimentDetectorPhase::test_detector_phase_runs_after_attack
0.04s call     test/test_model/test_model_core.py::TestModelConfig::test_call_saves_train_probabilities_when_file_requested
0.04s call     test/test_model/test_pytorch_serialization.py::test_pytorch_model_serialization_preserves_optimizer_config
0.04s call     test/test_data/test_data.py::TestDataConfigAdditional::test_load_self
0.04s call     test/test_integration/test_base_integration.py::test_attack_config_hash_stable_after_execution
0.04s call     test/test_experiment/test_experiment.py::TestExperimentScorerModePermutations::test_non_data_profile_rejects_presample_mode
0.04s call     test/test_model/test_model_core.py::TestLoadOrTrainModel::test_model_file_present_loads_from_file
0.04s call     test/test_utils/test_base_utils.py::TestUtilsAdditional::test_load_type_mismatch_raises
0.04s call     test/test_data/test_sample.py::TestSplitSampler::test_regression_val_score
0.04s call     test/test_model/test_model_core.py::TestModelConfig::test_call_saves_train_predictions_when_file_requested
0.04s call     test/test_layers/test_compile_results_layer.py::TestCompileResultsMain::test_with_schema_yaml_file
0.04s call     test/test_integration/test_base_integration.py::test_model_config_scores_persist_and_reload
0.04s call     test/test_integration/test_defense_pipeline_integration.py::test_defense_pipeline_scores_persist_and_reload
0.04s call     test/test_experiment/test_experiment.py::TestShuffleExperiment::test_per_split_keys_present
0.04s call     test/test_data/test_data.py::TestDataConfigAdditional::test_save_self
0.04s call     test/test_integration/test_base_integration.py::test_experiment_config_with_attack_end_to_end
0.04s call     test/test_integration/test_fairness_integration.py::test_fairness_regression_data_and_metric_frame_scores
0.04s call     test/test_data/test_data.py::TestDataConfig::test_save_score_dict
0.04s call     test/test_integration/test_base_integration.py::test_defense_config_apply_to_trained_model
0.04s call     test/test_model/test_pytorch_serialization.py::test_pytorch_model_with_mse_loss
0.03s call     test/test_model/test_model_core.py::TestModelConfig::test_call_saves_test_probabilities_when_file_requested
0.03s call     test/test_attack/test_attack.py::TestAttackConfig::test_hash_stable_after_call_for_attack_config
0.03s call     test/test_model/test_model_core.py::TestModelConfig::test_call_saves_test_predictions_when_file_requested
0.03s call     test/test_experiment/test_experiment.py::TestKFoldExperiment::test_mean_equals_average_of_folds
0.03s call     test/test_model/test_pytorch_serialization.py::test_pytorch_model_get_model_save_load_error_paths
0.03s call     test/test_attack/test_attack.py::TestInitializeAttackBranches::test_attack_model_string_path
0.03s call     test/test_integration/test_base_integration.py::test_base_data_model_attack_end_to_end[data_cfg0-model_cfg0-attack_cfg0-False-evasion_]
0.03s call     test/test_attack/test_attack.py::TestAttackConfig::test_infer_database_reconstruction_scores_reconstruction
0.03s call     test/test_attack/test_attack.py::TestCallCachingPaths::test_score_file_loaded_when_exists
0.03s call     test/test_data/test_data.py::TestDataConfig::test_load_lifelines_lung_dataset
0.03s call     test/test_integration/test_base_integration.py::test_base_data_model_end_to_end_without_attack[data_cfg0-model_cfg0-accuracy]
0.03s call     test/test_model/test_model_core.py::TestModelConfig::test_hash_stable_after_call_for_model_config
0.03s call     test/test_experiment/test_experiment.py::TestFileResolver::test_missing_key_raises
0.03s call     test/test_experiment/test_experiment.py::TestPoisoningExperimentIntegration::test_single_pass_with_attack_runs_experiment_scorer_once
0.03s call     test/test_integration/test_base_integration.py::test_experiment_config_hash_stable_after_execution
0.03s call     test/test_utils/test_base_utils.py::TestConfigBaseSaveLoadData::test_save_data_html
0.03s call     test/test_integration/test_base_integration.py::test_attack_scorer_with_data_and_model_context
0.03s call     test/test_integration/test_pytorch_fairness_integration.py::test_pytorch_fairness_model_fit_and_score
0.03s call     test/test_integration/test_pytorch_fairness_integration.py::test_torch_pipeline_applies_fairlearn_and_art_style_defense_steps_in_order
0.03s call     test/test_attack/test_attack.py::TestAttackConfig::test_attack_metrics
0.03s call     test/test_integration/test_base_integration.py::test_data_config_scores_persist_and_reload
0.03s call     test/test_experiment/test_anjana_experiment.py::test_anjana_experiment_with_defense
0.03s call     test/test_experiment/test_experiment.py::TestExperimentPostInitMoreBranches::test_model_as_str_yaml
0.03s call     test/test_model/test_model_defense_pipeline.py::TestRetrainingDefensePipeline::test_real_neural_cleanse_reports_backend_incompatibility_for_pytorch_model
0.03s call     test/test_model/test_pytorch_serialization.py::test_pytorch_model_serialization_with_different_input_sizes
0.03s call     test/test_integration/test_pytorch_fairness_integration.py::test_pytorch_model_with_fairness_defense_instantiation
0.03s call     test/test_attack/test_attack.py::TestInferAttributeBranches::test_list_targeted_attribute_executes
0.03s call     test/test_experiment/test_anjana_experiment.py::test_anjana_experiment_hash_stable_after_execution
0.03s call     test/test_data/test_pytorch.py::TestPytorchDataConfig::test_call_accepts_existing_data_and_score_paths
0.02s call     test/test_model/test_model_core.py::TestLoadOrTrainModel::test_no_model_no_file_raises_value_error
0.02s call     test/test_data/test_data.py::TestDataConfig::test_load_data_raises_value_error_for_csv_without_target
0.02s call     test/test_integration/test_base_integration.py::test_data_analysis_scorer_classification_with_reference_column
0.02s call     test/test_layers/test_plot_layer.py::test_plot_main_validation_errors
0.02s call     test/test_integration/test_defense_pipeline_integration.py::test_defense_pipeline_config_hash_stable_after_apply
0.02s call     test/test_integration/test_base_integration.py::test_adult_all_attack_types_base[<lambda>-evasion_]
0.02s call     test/test_experiment/test_experiment.py::TestDataConfigResolutionMixin::test_data_to_dict_with_yaml_path
0.02s call     test/test_model/test_model_defense_pipeline.py::TestRetrainingDefensePipeline::test_real_defensive_distillation_executes_with_pytorch_model
0.02s call     test/test_data/test_data.py::TestDataConfig::test_save_self
0.02s call     test/test_plot/test_yellowbrick.py::TestYellowbrickPlots::test_parse_cv_defaults_to_stratifiedkfold_for_classifier
0.02s call     test/test_attack/test_attack.py::TestAttackConfig::test_infer_model_inversion_scores_reconstruction
0.02s call     test/test_score/test_score.py::TestFairnessScorers::test_fairness_regression_scores
0.02s call     test/test_experiment/test_experiment.py::TestExperimentScoreFileHandling::test_no_score_file_runs_without_saving
0.02s call     test/test_integration/test_fairness_integration.py::test_fairness_data_config_hash_stable_after_execution
0.02s setup    test/test_data/test_pytorch.py::TestPytorchDataConfig::test_call
0.02s call     test/test_layers/test_progress_bar_layer.py::test_get_hydra_sweeper_config_grid_sampler_and_errors
0.02s call     test/test_data/test_sample.py::TestShuffleSampler::test_integration_with_dataconfig
0.02s call     test/test_integration/test_defense_pipeline_integration.py::test_model_config_with_defense_hash_stable_after_apply
0.02s call     test/test_model/test_model_core.py::TestCopyRuntimeStateTo::test_copies_all_runtime_fields
0.02s call     test/test_attack/test_attack.py::TestAttackConfig::test_real_attribute_inference_attack_executes
0.02s call     test/test_model/test_model_core.py::TestModelEvaluateAndScoreBranches::test_evaluate_raises_when_train_predictions_none
0.02s call     test/test_model/test_model_core.py::TestGetArtClassAndModel::test_get_art_model_no_defense_returns_art_wrapper
0.02s call     test/test_model/test_model_core.py::TestModelConfig::test_load_or_train_model_trains_when_not_fitted_even_if_training_time_set
0.02s call     test/test_attack/test_attack.py::TestInitializeAttackBranches::test_attack_model_invalid_type_raises
0.02s call     test/test_data/test_sample.py::TestSplitSampler::test_integration_with_dataconfig
0.02s call     test/test_attack/test_attack.py::TestAttackConfig::test_real_evasion_attack_executes
0.02s call     test/test_layers/test_rerun_failed_studies.py::test_load_meta_schema_success_and_errors
0.02s call     test/test_model/test_model_defense_pipeline.py::TestRetrainingDefensePipeline::test_real_adversarial_retraining_executes_with_pytorch_model
0.02s setup    test/test_integration/test_survival_integration.py::test_survival_cli_in_examples_sklearn[lifelines_diabetes-weibull]
0.02s call     test/test_layers/test_progress_bar_layer.py::test_progress_bar_main_raises_for_unknown_stage
0.02s call     test/test_integration/test_defense_pipeline_integration.py::test_get_art_model_does_not_duplicate_apply_fit_preprocessor_defense
0.02s call     test/test_integration/test_defense_pipeline_integration.py::test_model_config_accepts_legacy_single_defense_yaml[examples/sklearn/config/defense/gaussian-noise.yaml-expected_preprocessors1-expected_postprocessors1-art.defences.postprocessor.GaussianNoise]
0.02s call     test/test_data/test_sample.py::TestSplitSampler::test_sample_dict_spec
0.02s call     test/test_integration/test_defense_pipeline_integration.py::test_defense_pipeline_applies_expected_art_wrapper_defenses[defenses1-expected_preprocessors1-expected_postprocessors1]
0.02s call     test/test_integration/test_defense_pipeline_integration.py::test_model_config_accepts_legacy_single_defense_yaml[examples/sklearn/config/defense/feature-squeezing.yaml-expected_preprocessors0-expected_postprocessors0-art.defences.preprocessor.FeatureSqueezing]
0.02s call     test/test_data/test_sample.py::TestSplitSampler::test_score_dict_contains_val_fields
0.02s setup    test/test_package/test_main.py::test_get_configuration_paths_returns_expected_values
0.02s call     test/test_experiment/test_pytorch_experiment.py::test_torch_experiment_coerces_data_batch_size_from_model_fit_params
0.02s call     test/test_layers/test_pareto.py::TestParetoMainDefaultsAndValidation::test_infers_objectives_and_directions_when_omitted
0.02s call     test/test_integration/test_pytorch_fairness_integration.py::test_pytorch_fairlearn_attack_scorer_metric_frame_evasion_group_accuracy_keys
0.02s call     test/test_experiment/test_pytorch_experiment.py::test_pytorch_auto_device_propagates_to_all_components
0.02s call     test/test_attack/test_attack.py::TestCallCachingPaths::test_attack_predictions_file_load_oserror_falls_through
0.02s call     test/test_integration/test_defense_pipeline_integration.py::test_defense_pipeline_applies_expected_art_wrapper_defenses[defenses0-expected_preprocessors0-expected_postprocessors0]
0.02s call     test/test_experiment/test_experiment.py::TestExperimentValidationScoring::test_report_mode_without_validation_split_raises
0.02s call     test/test_utils/test_base_utils.py::TestTopLevelSaveLoadData::test_save_and_load_json
0.02s call     test/test_model/test_survival_model.py::test_survival_probability_calibration_left_censor_and_delta_fallback
0.02s call     test/test_data/test_sample.py::TestKFoldSampler::test_integration_with_dataconfig
0.02s call     test/test_attack/test_attack.py::TestAttackConfig::test_poison_attack_metrics
0.02s call     test/test_integration/test_defense_pipeline_integration.py::test_defense_pipeline_config_object_pickle_roundtrip
0.02s call     test/test_experiment/test_anjana_experiment.py::test_anjana_data_config_hash_stable_after_load
0.02s call     test/test_model/test_model_core.py::TestModelEvaluateAndScoreBranches::test_val_mode_resamples_when_validation_split_missing
0.02s call     test/test_score/test_score.py::TestDataInspectionScorers::test_data_regression_default_scores_include_ecdf
0.02s call     test/test_attack/test_fairlearn_attack.py::TestFairlearnAttackScorer::test_score_membership_with_sensitive_features_produces_group_metrics
0.02s call     test/test_integration/test_fairness_integration.py::test_fairlearn_attack_scorer_metric_frame_evasion_group_accuracy_keys
0.02s call     test/test_utils/test_base_utils.py::TestUtilsAdditional::test_read_scores_from_disk_existing_file_merges
0.02s call     test/test_integration/test_defense_pipeline_integration.py::test_defense_pipeline_applies_expected_art_wrapper_defenses[defenses2-expected_preprocessors2-expected_postprocessors2]
0.02s call     test/test_model/test_model_core.py::TestModelLoadOrTrainBranches::test_load_or_train_existing_file_not_fitted_applies_defense
0.02s call     test/test_model/test_model_core.py::TestModelConfig::test_score
0.02s call     test/test_integration/test_pytorch_fairness_integration.py::test_pytorch_fairlearn_attack_scorer_metric_frame_attribute_group_accuracy_keys
0.02s call     test/test_attack/test_attack.py::TestAttackConfig::test_call_attack
0.02s call     test/test_data/test_data.py::TestDataConfigAdditional::test_load_data_raises_value_error_for_csv_without_target
0.02s call     test/test_layers/test_progress_bar_layer.py::test_calculate_number_of_studies_per_stage_and_missing_stage
0.02s call     test/test_data/test_data.py::TestDataConfigAdditional::test_make_classification_data_loading_and_sampling
0.02s call     test/test_integration/test_fairness_integration.py::test_fairlearn_attack_scorer_metric_frame_membership_group_accuracy_keys
0.02s call     test/test_integration/test_fairness_integration.py::test_fairlearn_attack_scorer_metric_frame_attribute_group_accuracy_keys
0.02s call     test/test_attack/test_fairlearn_attack.py::TestFairlearnAttackScorer::test_score_attribute_with_sensitive_features_produces_group_metrics
0.02s call     test/test_utils/test_base_utils.py::TestUtilsAdditional::test_load_class_colon_path_success
0.02s call     test/test_model/test_model_core.py::TestModelLoadOrTrainBranches::test_load_or_train_trains_when_model_file_exists_but_not_fitted
0.02s call     test/test_model/test_model_core.py::TestModelEvaluateAndScoreBranches::test_evaluate_probability_persistence_without_predict_proba_uses_predict
0.02s call     test/test_model/test_model_core.py::TestModelEvaluateAndScoreBranches::test_evaluate_training_loss_curve_key_removed
0.02s call     test/test_data/test_data.py::TestDataConfig::test_private_max_samples_caps_loaded_dataset
0.01s call     test/test_data/test_sample.py::TestGetStratifyCol::test_stratify_column_name
0.01s call     test/test_model/test_model_core.py::TestModelEvaluateAndScoreBranches::test_evaluate_probability_persistence_valueerror_sets_none
0.01s call     test/test_layers/test_pareto.py::TestParetoMain::test_single_objective_minimize_selects_lowest
0.01s call     test/test_attack/test_fairlearn_attack.py::TestFairlearnAttackScorer::test_score_evasion_with_sensitive_features_produces_group_metrics
0.01s call     test/test_model/test_model_core.py::TestModelEvaluateAndScoreBranches::test_evaluate_initializes_score_dict_when_none
0.01s call     test/test_integration/test_pytorch_fairness_integration.py::test_pytorch_fairlearn_attack_scorer_metric_frame_membership_group_accuracy_keys
0.01s call     test/test_attack/test_attack.py::TestAttackConfig::test_call_extraction_scores_victim_and_extracted_classifiers
0.01s setup    test/test_data/test_pytorch.py::TestPytorchCustomDataConfig::test_as_dataset_with_invalid_type_raises
0.01s call     test/test_layers/test_pareto.py::TestParetoMain::test_single_objective_maximize_saves_file
0.01s call     test/test_model/test_model_core.py::TestModelEvaluateAndScoreBranches::test_evaluate_uses_preexisting_predictions
0.01s call     test/test_layers/test_plot_layer.py::test_plot_main_seaborn_multi_accepts_top_level_list_and_merges_defaults
0.01s call     test/test_experiment/test_experiment.py::TestExperimentScoreFileHandling::test_model_none_runs_data_only_pipeline
0.01s call     test/test_model/test_model_core.py::TestModelLoadOrTrainBranches::test_load_or_train_with_none_model_and_missing_file_trains
0.01s call     test/test_experiment/test_pytorch_experiment.py::test_pytorch_device_propagates_from_experiment
0.01s call     test/test_data/test_pytorch.py::TestPytorchDataConfig::test_pytorch_data_score_persistence_roundtrip
0.01s call     test/test_integration/test_survival_integration.py::test_lifelines_data_config_scores_persist_and_reload
0.01s call     test/test_data/test_data.py::TestDataConfig::test_call_returns_expected_shapes_for_make_classification
0.01s call     test/test_integration/test_base_integration.py::test_base_data_model_end_to_end_without_attack[data_cfg2-model_cfg2-mse]
0.01s call     test/test_experiment/test_experiment.py::TestFileResolver::test_whole_file_returned_when_no_key
0.01s call     test/test_model/test_pytorch_serialization.py::test_pytorch_model_hash_stable_after_load_roundtrip_runtime_mutation
0.01s call     test/test_detector/test_detector.py::test_real_art_poisoning_detector_executes
0.01s call     test/test_model/test_model_core.py::TestModelEvaluateAndScoreBranches::test_evaluate_training_probability_typeerror_reraises
0.01s call     test/test_layers/test_rerun_failed_studies.py::test_rerun_failed_studies_main_dry_run_and_execute
0.01s call     test/test_layers/test_optimize.py::test_hydra_optuna_callback_on_compose_config_writes_params_file
0.01s call     test/test_utils/test_base_utils.py::TestConfigBaseScores::test_save_and_load_scores_csv
0.01s call     test/test_model/test_pytorch_serialization.py::test_pytorch_model_hash_stable_after_training_and_runtime_updates
0.01s call     test/test_model/test_model_core.py::TestModelEvaluateAndScoreBranches::test_evaluate_test_probability_typeerror_reraises
0.01s call     test/test_utils/test_base_utils.py::TestUtilsAdditional::test_save_scores_and_load_scores_json
0.01s call     test/test_file/test_file.py::TestFileConfig::test_unused_directory_removed
0.01s call     test/test_data/test_sample.py::TestLegacySplitUnchanged::test_val_size_none_gives_two_way_split
0.01s call     test/test_model/test_model_core.py::TestGetArtClassAndModel::test_get_art_class_sklearn_no_input_shape
0.01s call     test/test_layers/test_plot_layer.py::test_load_experiment_config_and_yaml_helpers
0.01s call     test/test_data/test_data.py::TestDataConfigAdditional::test_plugin_can_augment_scores
0.01s call     test/test_data/test_data.py::TestDataConfig::test_hash_stable_after_call_for_data_config
0.01s call     test/test_plot/test_yellowbrick.py::TestYellowbrickPlots::test_parse_cv_uses_explicit_integer
0.01s setup    test/test_experiment/test_experiment_survival_config.py::test_call_requires_optuna_db_when_optuna_mode
0.01s call     test/test_data/test_data.py::TestDataConfigAdditional::test_multiple_plugins_run_in_order
0.01s call     test/test_experiment/test_pytorch_experiment.py::test_pytorch_device_propagates_from_model_when_only_one_specified
0.01s call     test/test_attack/test_attack.py::TestAttackConfig::test_attack_path_properties_and_kind
0.01s call     test/test_experiment/test_experiment.py::TestSetRandomSeed::test_set_random_seed_truly_unsupported_library_raises
0.01s call     test/test_utils/test_base_utils.py::TestUtilsAdditional::test_save_data_top_level_and_load_data_roundtrip_pickle
0.01s call     test/test_layers/test_progress_bar_layer.py::test_progress_bar_main_polls_until_completion
0.01s call     test/test_model/test_model_core.py::TestModelConfig::test_train_and_predict
0.01s call     test/test_experiment/test_experiment.py::TestExperimentPostInitModelTypes::test_attack_as_dict
0.01s call     test/test_model/test_model_core.py::TestModelLoadOrTrainBranches::test_load_or_train_raises_notfitted_when_model_missing_after_train
0.01s call     test/test_data/test_data.py::TestDataConfig::test_make_classification_data_loading_and_sampling
0.01s call     test/test_attack/test_attack.py::TestPoisonBranches::test_class_source_fallback_when_no_samples
0.01s call     test/test_layers/test_plot_layer.py::test_plot_main_seaborn_single_and_multi
0.01s call     test/test_package/test_init_module.py::test_load_yaml_file_reads_content
0.01s call     test/test_attack/test_attack.py::TestAttackConfig::test_call_rejects_regression_evasion_early
0.01s call     test/test_experiment/test_pytorch_experiment.py::test_torch_experiment_raises_on_batch_size_mismatch
0.01s call     test/test_data/test_sample.py::TestLegacySplitUnchanged::test_no_val_set_when_no_val_size
0.01s call     test/test_model/test_model_core.py::TestModelEvaluateAndScoreBranches::test_evaluate_predict_proba_typeerror_fallback_uses_numpy_cast
0.01s call     test/test_model/test_model_core.py::TestModelEvaluateAndScoreBranches::test_evaluate_with_no_test_data_raises
0.01s call     test/test_model/test_model_core.py::TestModelEvaluateAndScoreBranches::test_evaluate_applies_defense_before_predict_and_merges_scores
0.01s call     test/test_model/test_model_core.py::TestModelEvaluateAndScoreBranches::test_evaluate_with_no_test_labels_raises
0.01s call     test/test_data/test_pytorch.py::TestPytorchCustomDataConfig::test_custom_call_uses_cached_paths_and_persists_outputs
0.01s call     test/test_data/test_sample.py::TestLegacySplitUnchanged::test_score_dict_no_val_fields_without_val_size
0.01s setup    test/test_data/test_data_base_unit.py::test_load_data_routes_lifelines_aliases_and_csv_options
0.01s call     test/test_model/test_model_core.py::TestModelConfig::test_predict_proba
0.01s call     test/test_attack/test_attack.py::TestAttackConfig::test_select_extraction_scorer_falls_back_for_logits
0.01s setup    test/test_data/test_fairlearn_data_config.py::TestLoadData::test_load_data_validates_sensitive_columns
0.01s teardown test/test_data/test_pytorch.py::TestPytorchCustomDataConfig::test_truncate_dataset
0.01s call     test/test_plot/test_yellowbrick.py::TestYellowbrickPlots::test_plot_list_reuses_prepared_experiment_for_children
0.01s call     test/test_detector/test_detector.py::test_detector_runs_and_emits_scores_with_mock_detector
0.01s call     test/test_data/test_data.py::TestDataConfig::test_load_lifelines_diabetes_dataset_with_prefix
0.01s call     test/test_attack/test_attack.py::TestInitializeAttackBranches::test_attack_model_dictconfig_path
0.01s call     test/test_attack/test_attack.py::TestExtractBranches::test_extract_uses_val_split
0.01s call     test/test_layers/test_optimize.py::test_save_params_file_writes_config_without_params
0.01s call     test/test_attack/test_attack.py::TestAttackConfig::test_call_poisoning_requires_source_and_target_classes
0.01s call     test/test_attack/test_attack.py::TestStaticHelpers::test_save_method_appends_pkl
0.01s setup    test/test_experiment/test_experiment_survival_config.py::test_call_raises_when_aux_runtime_split_missing
0.01s call     test/test_utils/test_base_utils.py::TestConfigBaseSaveLoadObject::test_load_object_corrupt_with_delete_removes_file
0.01s call     test/test_score/test_score.py::TestAnjanaScorers::test_k_anonymity_score_via_data_attr
0.01s call     test/test_data/test_data.py::TestDataConfigAdditional::test_make_regression_data_loading_and_sampling
0.01s call     test/test_model/test_model_core.py::TestPredictProbaBranches::test_predict_proba_not_probability_raises
0.01s call     test/test_utils/test_base_utils.py::TestConfigBaseSaveLoadData::test_load_data_delegates_to_top_level
0.01s call     test/test_utils/test_base_utils.py::TestUtilsAdditional::test_coerce_config_yaml_path_to_dict
0.01s call     test/test_integration/test_survival_integration.py::test_lifelines_data_config_object_pickle_roundtrip
0.01s teardown test/test_data/test_pytorch.py::TestPytorchDataConfig::test_pytorch_data_score_persistence_roundtrip
0.01s call     test/test_attack/test_attack.py::TestPoisonBranches::test_val_mode_used_when_available
0.01s call     test/test_data/test_pytorch.py::TestPytorchDataConfig::test_call
0.01s call     test/test_layers/test_compile_results_layer.py::TestCompileResultsMain::test_creates_csv_output
0.01s call     test/test_model/test_model_core.py::TestLoadScoreFile::test_load_score_file_existing_merges_scores
0.01s call     test/test_file/test_file.py::TestFileConfig::test_generate_file_hash_returns_md5_hex
0.01s call     test/test_attack/test_attack.py::TestEvadeBranches::test_adversarial_patch_branch
0.01s call     test/test_data/test_fairlearn_data_config.py::TestLoadData::test_load_data_validates_sensitive_columns
0.01s call     test/test_experiment/test_experiment.py::TestExperimentPostInitModelTypes::test_attack_as_dictconfig
0.01s teardown test/test_data/test_fairlearn_data_config.py::TestLoadData::test_load_data_validates_sensitive_columns
0.01s call     test/test_layers/test_optimize.py::test_hydra_optuna_callback_on_job_end_writes_score_file
0.01s call     test/test_layers/test_progress_bar_layer.py::test_infer_stages_from_dvc_selects_multirun_only
0.01s call     test/test_attack/test_attack.py::TestAttackConfig::test_poisoning_svm_initialization_injects_train_and_val_arrays
0.01s call     test/test_layers/test_progress_bar_layer.py::test_infer_stages_from_dvc_raises_when_no_multirun
0.01s call     test/test_attack/test_attack.py::TestInferMembershipBranches::test_axis_error_fallback_is_used
0.01s call     test/test_layers/test_progress_bar_layer.py::test_get_hydra_sweeper_config_supports_flat_or_nested_hydra
0.01s call     test/test_attack/test_attack.py::TestAttackConfig::test_call_extraction_requires_nn_classifier
0.01s call     test/test_model/test_model_defense_pipeline.py::TestDefenseConfig::test_apply_to_trained_model
0.01s call     test/test_layers/test_compile_results_layer.py::TestParseStudies::test_multiple_studies_concatenated
0.01s call     test/test_attack/test_attack.py::TestEvadeBranches::test_evade_regression_path
0.01s call     test/test_plot/test_yellowbrick.py::TestYellowbrickPlots::test_parse_cv_defaults_to_kfold_for_regressor
0.01s setup    test/test_data/test_survival_modes.py::TestLifelinesDataConfigOptunaMode::test_optuna_db_mode_creation
0.01s call     test/test_package/test_init_module.py::test_file_resolver_raises_for_missing_key
0.01s call     test/test_data/test_sample.py::TestSplitSampler::test_two_way_split_without_val_size
0.01s call     test/test_data/test_pytorch.py::TestPytorchDataConfig::test_call_with_score_file_saves_json
0.01s setup    test/test_layers/test_optimize.py::test_parallel_jobs_do_not_break_synchronization
0.01s call     test/test_plot/test_seaborn.py::TestSeabornPlots::test_post_init_raises_for_missing_columns
0.01s call     test/test_attack/test_attack.py::TestPytorchAttackConfig::test_torch_evasion_uses_art_boundary_conversion
0.01s call     test/test_data/test_fairness_data_unit.py::test_sensitive_label_builder_and_validation_errors
0.01s call     test/test_utils/test_base_utils.py::TestCoerceHelpers::test_coerce_config_yaml_path_returns_dict
0.01s call     test/test_attack/test_attack.py::TestCallCachingPaths::test_attack_predictions_file_saved_after_call
0.01s call     test/test_detector/test_detector.py::test_detector_constructor_fallback_and_detect_poison_indices
0.01s call     test/test_attack/test_attack.py::TestAttackConfig::test_call_membership_inference
0.01s call     test/test_data/test_data_base_unit.py::test_fit_transform_x_handles_sparse_and_generated_feature_names
0.01s setup    test/test_integration/test_survival_integration.py::test_survival_cli_in_examples_sklearn[diabetes-weibull]
0.01s setup    test/test_layers/test_optimize.py::test_mode_and_multirun_cfg_branches
0.01s call     test/test_attack/test_attack.py::TestAttackConfig::test_infer_task_is_classification_and_compatibility_guard
0.01s setup    test/test_model/test_survival_model.py::test_make_survival_model_table_returns_empty_when_all_models_none
0.01s call     test/test_data/test_data.py::TestDataConfig::test_load_lifelines_leukemia_dataset
0.01s call     test/test_data/test_sample.py::TestKFoldSampler::test_different_folds_have_different_val_sets
0.01s call     test/test_model/test_model_core.py::TestLoadAllPredictionsBranches::test_train_predictions_loaded_without_time_asserts
0.01s call     test/test_attack/test_attack.py::TestAttackConfig::test_call_model_inversion_executes_real_infer_model_inversion
0.01s call     test/test_attack/test_attack.py::TestAttackConfig::test_target_to_class_labels_invalid_shape_raises
0.01s setup    test/test_data/test_pytorch.py::TestPytorchDataConfig::test_regression_feature_scores_return_empty_when_already_cached
0.01s call     test/test_experiment/test_experiment_survival_config.py::test_load_optuna_frame_query_and_empty
0.01s call     test/test_data/test_data.py::TestDataConfig::test_make_regression_data_loading_and_sampling
0.01s call     test/test_attack/test_attack.py::TestPoisonBranches::test_poisoning_svm_branch_scores_benign_and_poisoned_accuracy
0.01s call     test/test_data/test_sample.py::TestKFoldSampler::test_fold_none_defaults_to_zero
0.01s call     test/test_attack/test_attack.py::TestAttackConfig::test_post_init_scorer_dict_and_poisoning_validation_paths
0.01s call     test/test_attack/test_attack.py::TestAttackConfig::test_score_and_static_normalizers
0.01s call     test/test_model/test_model_fairness.py::TestFairlearnModelConfig::test_apply_defense_supports_mixed_defense_pipeline
0.01s call     test/test_experiment/test_experiment.py::TestExperimentPostInitModelTypes::test_model_as_dict
0.01s call     test/test_data/test_sample.py::TestSplitSampler::test_indices_are_disjoint
0.01s setup    test/test_model/test_survival_model.py::test_make_survival_model_table_writes_csv_and_restores_t0
0.01s call     test/test_model/test_model_defense_pipeline.py::TestRetrainingDefensePipeline::test_binary_input_detector_rejects_non_neural_network_models
0.01s call     test/test_experiment/test_experiment_survival_config.py::test_make_survival_model_table_handles_none_models_and_metric_failures
0.01s call     test/test_data/test_pytorch.py::TestPytorchDataConfig::test_pytorch_data_hash_stable_after_call_and_runtime_mutation
0.01s call     test/test_experiment/test_pytorch_experiment.py::test_pytorch_model_config_hash_stable_before_training
0.01s setup    test/test_layers/test_optimize.py::test_hydra_optuna_callback_on_job_end_writes_score_file
0.01s call     test/test_layers/test_pareto.py::TestParetoMain::test_diff_direction_single_raises
0.01s call     test/test_utils/test_base_utils.py::TestUtilsAdditional::test_read_scores_from_disk_missing_file_creates_directory
0.01s call     test/test_model/test_model_fairness.py::TestFairlearnDefenseConfigApplyDefense::test_apply_defense_reductions_exponentiated_gradient_dict_constraint
0.01s call     test/test_experiment/test_experiment.py::TestExperimentPostInitMoreBranches::test_score_as_scorer_dict_config
0.01s call     test/test_layers/test_optimize.py::test_hydra_optuna_callback_on_compose_config_uses_constructor_params_file
0.01s call     test/test_attack/test_attack.py::TestStaticHelpers::test_normalize_ground_truth_dataframe_classification
0.01s call     test/test_experiment/test_experiment.py::TestExperimentPostInitMoreBranches::test_multi_attack_sets_primary_attack_and_chain
0.01s call     test/test_model/test_model_core.py::TestModelConfig::test_load_predictions
0.01s call     test/test_data/test_pytorch.py::TestPytorchDataConfig::test_regression_feature_scores_return_empty_when_already_cached
0.01s teardown test/test_data/test_pytorch.py::TestPytorchDataConfig::test_train_test_exceed_total_raises
0.01s call     test/test_model/test_survival_model.py::test_survival_probability_calibration_interval_and_default_fit_paths
0.01s call     test/test_experiment/test_experiment.py::TestExperimentPostInitModelTypes::test_experiment_name_hash_generated
0.01s call     test/test_utils/test_base_utils.py::TestConfigBaseScores::test_save_scores_csv_saves_file
0.01s call     test/test_model/test_survival_model.py::test_clean_data_for_aft_filters_sentinels_and_applies_dummy_dict
0.01s call     test/test_experiment/test_experiment.py::TestSetRandomSeed::test_set_random_seed_unsupported_library_raises
0.01s call     test/test_data/test_sample.py::TestShuffleSampler::test_returns_three_arrays
0.01s call     test/test_data/test_sample.py::TestOmegaConfSampleSpec::test_omegaconf_dictconfig_sample
0.01s call     test/test_utils/test_base_utils.py::TestConfigBaseSaveLoadObject::test_load_object_corrupt_with_ignore_returns_none
0.01s call     test/test_layers/test_optimize.py::test_hydra_optuna_callback_on_compose_config_sets_experiment_and_files
0.01s call     test/test_model/test_survival_model.py::test_make_survival_model_table_writes_csv_and_restores_t0
0.01s setup    test/test_package/test_init_module.py::test_file_resolver_raises_for_missing_key
0.01s call     test/test_data/test_sample.py::TestSplitSampler::test_stratified_class_distribution
0.01s call     test/test_integration/test_base_integration.py::test_adult_all_attack_types_base[<lambda>-inferred_age_]
0.01s call     test/test_experiment/test_pytorch_experiment.py::test_torch_experiment_post_init_rejects_non_pytorch_library
0.01s call     test/test_model/test_model_core.py::TestModelConfig::test_decode_predictions_for_persistence_converts_2d_classifier_output
0.01s call     test/test_layers/test_pareto.py::TestParetoMainDefaultsAndValidation::test_raises_when_optimizers_and_directions_lengths_mismatch
0.01s setup    test/test_package/test_init_module.py::test_file_resolver_raises_for_missing_file
0.01s call     test/test_attack/test_attack.py::TestCallCachingPaths::test_attack_file_save_pickle_error_continues
0.01s call     test/test_attack/test_attack.py::TestInitializeAttackBranches::test_not_fitted_sklearn_model_triggers_fit
0.01s call     test/test_package/test_init_module.py::test_file_resolver_reads_nested_key
0.01s call     test/test_attack/test_attack.py::TestAttackConfig::test_call_database_reconstruction_executes_real_infer_database_reconstruction
0.01s call     test/test_model/test_pytorch_serialization.py::test_model_type_accepts_in_memory_instance
0.01s call     test/test_package/test_init_module.py::test_merge_resolver_merges_fragments_and_resolves_interpolation
0.01s call     test/test_utils/test_base_utils.py::TestTopLevelSaveLoadData::test_save_and_load_csv
0.01s call     test/test_integration/test_pytorch_fairness_integration.py::test_pytorch_fairness_model_serialization_with_defense
0.01s setup    test/test_integration/test_fairness_integration.py::test_fairness_data_and_model_scores
0.01s call     test/test_model/test_model_fairness.py::TestFairlearnModelConfig::test_apply_defense_rejects_legacy_defense_list
0.01s call     test/test_integration/test_pytorch_fairness_integration.py::test_pytorch_fairness_defense_receives_sensitive_features

(3213 durations < 0.005s hidden.  Use -vv to show these durations.)
=========================== short test summary info ============================
SKIPPED [1] test/test_experiment/test_experiment.py:1543: could not import 'tensorflow': No module named 'tensorflow'
SKIPPED [1] test/test_experiment/test_experiment.py:1570: could not import 'tensorflow': No module named 'tensorflow'
SKIPPED [1] test/test_experiment/test_experiment.py:1554: could not import 'tensorflow': No module named 'tensorflow'
SKIPPED [1] test/test_utils/test_base_utils.py:641: openpyxl not installed
SKIPPED [1] test/test_utils/test_base_utils.py:681: openpyxl not installed
SKIPPED [1] test/test_utils/test_base_utils.py:805: lxml not installed
SKIPPED [1] test/test_utils/test_base_utils.py:816: openpyxl not installed
FAILED test/test_data/test_sample.py::TestSplitSampler::test_score_dict_contains_val_fields
FAILED test/test_score/test_score.py::TestFairnessScorers::test_fairness_classification_and_regression_profiles_are_distinct
FAILED test/test_score/test_score.py::TestFairnessScorers::test_fairness_regression_scores
FAILED test/test_score/test_score.py::TestFairnessScorers::test_metric_frame_fairness_score_dict_classification
FAILED test/test_score/test_score.py::TestFairnessScorers::test_metric_frame_fairness_score_dict_regression
FAILED test/test_score/test_score.py::TestFairnessScorers::test_metric_frame_fairness_score_dict_supports_full_metricframe_kwargs
======= 6 failed, 1212 passed, 7 skipped, 1 warning in 112.47s (0:01:52) =======
